<?xml version="1.0" encoding="UTF-8"?>
<testng-results skipped="0" failed="0" ignored="0" total="1" passed="1">
  <reporter-output>
  </reporter-output>
  <suite name="Default suite" duration-ms="2887" started-at="2025-05-11T06:45:31Z" finished-at="2025-05-11T06:45:34Z">
    <groups>
    </groups>
    <test name="Default test" duration-ms="2887" started-at="2025-05-11T06:45:31Z" finished-at="2025-05-11T06:45:34Z">
      <class name="TestSample.DifferentWaysPostReq">
        <test-method status="PASS" signature="testUsingHashMap()[pri:0, instance:TestSample.DifferentWaysPostReq@4667ae56]" name="testUsingHashMap" duration-ms="2869" started-at="2025-05-11T06:45:31Z" finished-at="2025-05-11T06:45:34Z">
          <reporter-output>
          </reporter-output>
        </test-method> <!-- testUsingHashMap -->
      </class> <!-- TestSample.DifferentWaysPostReq -->
    </test> <!-- Default test -->
  </suite> <!-- Default suite -->
</testng-results>
